<?xml version="1.0" encoding="UTF-8"?>
<!-- Generated by org.testng.reporters.JUnitReportReporter -->
<testsuite hostname="Binit-PC" name="com.orangehrm.test.EmployeeRegTest" tests="1" failures="0" timestamp="4 Aug 2016 14:03:03 GMT" time="16.719" errors="0">
  <testcase name="emp_res" time="16.719" classname="com.orangehrm.test.EmployeeRegTest"/>
</testsuite> <!-- com.orangehrm.test.EmployeeRegTest -->
