<?xml version="1.0" encoding="UTF-8"?>
<!-- Generated by org.testng.reporters.JUnitReportReporter -->
<testsuite hostname="Binit-PC" name="com.orangehrm.test.UserLogin" tests="1" failures="0" timestamp="4 Aug 2016 13:58:48 GMT" time="18.322" errors="0">
  <testcase name="userlogin" time="18.322" classname="com.orangehrm.test.UserLogin"/>
</testsuite> <!-- com.orangehrm.test.UserLogin -->
