<?xml version="1.0" encoding="UTF-8"?>
<!-- Generated by org.testng.reporters.JUnitReportReporter -->
<testsuite hostname="Binit-PC" name="com.orangehrm.test.NewUserReg" tests="1" failures="0" timestamp="4 Aug 2016 14:04:13 GMT" time="57.372" errors="0">
  <testcase name="userRes" time="57.372" classname="com.orangehrm.test.NewUserReg"/>
</testsuite> <!-- com.orangehrm.test.NewUserReg -->
