<?xml version="1.0" encoding="UTF-8"?>
<!-- Generated by org.testng.reporters.JUnitReportReporter -->
<testsuite hostname="Binit-PC" name="com.orangehrm.test.AdminLoginTest" tests="1" failures="0" timestamp="4 Aug 2016 14:04:26 GMT" time="15.378" errors="0">
  <testcase name="admin_login" time="15.378" classname="com.orangehrm.test.AdminLoginTest"/>
</testsuite> <!-- com.orangehrm.test.AdminLoginTest -->
